2017-08-31 23:23:25 [::1][-][-][error][yii\base\ErrorException:2] exception 'yii\base\ErrorException' with message 'Invalid argument supplied for foreach()' in /Users/lincoln/Sites/advanced/vendor/yiisoft/yii2/base/Component.php:650
Stack trace:
#0 /Users/lincoln/Sites/advanced/vendor/yiisoft/yii2/base/Component.php(650): yii\base\ErrorHandler->handleError(2, 'Invalid argumen...', '/Users/lincoln/...', 650, Array)
#1 /Users/lincoln/Sites/advanced/vendor/yiisoft/yii2/base/Component.php(533): yii\base\Component->ensureBehaviors()
#2 /Users/lincoln/Sites/advanced/vendor/yiisoft/yii2/base/Module.php(676): yii\base\Component->trigger('beforeAction', Object(yii\base\ActionEvent))
#3 /Users/lincoln/Sites/advanced/vendor/yiisoft/yii2/base/Controller.php(144): yii\base\Module->beforeAction(Object(yii\base\InlineAction))
#4 /Users/lincoln/Sites/advanced/vendor/yiisoft/yii2/base/Module.php(523): yii\base\Controller->runAction('login', Array)
#5 /Users/lincoln/Sites/advanced/vendor/yiisoft/yii2/web/Application.php(102): yii\base\Module->runAction('v1/user/login', Array)
#6 /Users/lincoln/Sites/advanced/vendor/yiisoft/yii2/base/Application.php(380): yii\web\Application->handleRequest(Object(yii\web\Request))
#7 /Users/lincoln/Sites/advanced/api/web/index.php(17): yii\base\Application->run()
#8 {main}
2017-08-31 23:23:24 [::1][-][-][info][application] $_GET = [
    'username' => 'lincoln'
    'password' => '123456'
]

$_SERVER = [
    'REDIRECT_STATUS' => '200'
    'HTTP_CACHE_CONTROL' => 'no-cache'
    'HTTP_POSTMAN_TOKEN' => 'b2238f03-42d9-456d-a107-f7c999c7b842'
    'HTTP_USER_AGENT' => 'PostmanRuntime/6.2.5'
    'HTTP_ACCEPT' => '*/*'
    'HTTP_HOST' => 'localhost'
    'HTTP_ACCEPT_ENCODING' => 'gzip, deflate'
    'HTTP_CONNECTION' => 'keep-alive'
    'PATH' => '/usr/bin:/bin:/usr/sbin:/sbin'
    'SERVER_SIGNATURE' => ''
    'SERVER_SOFTWARE' => 'Apache/2.4.25 (Unix) PHP/5.6.30'
    'SERVER_NAME' => 'localhost'
    'SERVER_ADDR' => '::1'
    'SERVER_PORT' => '80'
    'REMOTE_ADDR' => '::1'
    'DOCUMENT_ROOT' => '/Library/WebServer/Documents'
    'REQUEST_SCHEME' => 'http'
    'CONTEXT_PREFIX' => '/~lincoln'
    'CONTEXT_DOCUMENT_ROOT' => '/Users/lincoln/Sites'
    'SERVER_ADMIN' => 'you@example.com'
    'SCRIPT_FILENAME' => '/Users/lincoln/Sites/advanced/api/web/index.php'
    'REMOTE_PORT' => '61338'
    'REDIRECT_URL' => '/~lincoln/advanced/api/web/v1/users/login'
    'REDIRECT_QUERY_STRING' => 'username=lincoln&password=123456'
    'GATEWAY_INTERFACE' => 'CGI/1.1'
    'SERVER_PROTOCOL' => 'HTTP/1.1'
    'REQUEST_METHOD' => 'GET'
    'QUERY_STRING' => 'username=lincoln&password=123456'
    'REQUEST_URI' => '/~lincoln/advanced/api/web/v1/users/login?username=lincoln&password=123456'
    'SCRIPT_NAME' => '/~lincoln/advanced/api/web/index.php'
    'PHP_SELF' => '/~lincoln/advanced/api/web/index.php'
    'REQUEST_TIME_FLOAT' => 1504193004.919
    'REQUEST_TIME' => 1504193004
]
2017-08-31 23:23:44 [::1][-][-][error][yii\base\ErrorException:2] exception 'yii\base\ErrorException' with message 'Invalid argument supplied for foreach()' in /Users/lincoln/Sites/advanced/vendor/yiisoft/yii2/base/Component.php:650
Stack trace:
#0 /Users/lincoln/Sites/advanced/vendor/yiisoft/yii2/base/Component.php(650): yii\base\ErrorHandler->handleError(2, 'Invalid argumen...', '/Users/lincoln/...', 650, Array)
#1 /Users/lincoln/Sites/advanced/vendor/yiisoft/yii2/base/Component.php(533): yii\base\Component->ensureBehaviors()
#2 /Users/lincoln/Sites/advanced/vendor/yiisoft/yii2/base/Module.php(676): yii\base\Component->trigger('beforeAction', Object(yii\base\ActionEvent))
#3 /Users/lincoln/Sites/advanced/vendor/yiisoft/yii2/base/Controller.php(144): yii\base\Module->beforeAction(Object(yii\base\InlineAction))
#4 /Users/lincoln/Sites/advanced/vendor/yiisoft/yii2/base/Module.php(523): yii\base\Controller->runAction('login', Array)
#5 /Users/lincoln/Sites/advanced/vendor/yiisoft/yii2/web/Application.php(102): yii\base\Module->runAction('v1/user/login', Array)
#6 /Users/lincoln/Sites/advanced/vendor/yiisoft/yii2/base/Application.php(380): yii\web\Application->handleRequest(Object(yii\web\Request))
#7 /Users/lincoln/Sites/advanced/api/web/index.php(17): yii\base\Application->run()
#8 {main}
2017-08-31 23:23:44 [::1][-][-][info][application] $_GET = [
    'username' => 'lincoln'
    'password' => '123456'
]

$_SERVER = [
    'REDIRECT_STATUS' => '200'
    'HTTP_CACHE_CONTROL' => 'no-cache'
    'HTTP_POSTMAN_TOKEN' => '15f9cf4d-2890-4166-9150-6ac8231ba5c5'
    'HTTP_USER_AGENT' => 'PostmanRuntime/6.2.5'
    'HTTP_ACCEPT' => '*/*'
    'HTTP_HOST' => 'localhost'
    'HTTP_ACCEPT_ENCODING' => 'gzip, deflate'
    'HTTP_CONNECTION' => 'keep-alive'
    'PATH' => '/usr/bin:/bin:/usr/sbin:/sbin'
    'SERVER_SIGNATURE' => ''
    'SERVER_SOFTWARE' => 'Apache/2.4.25 (Unix) PHP/5.6.30'
    'SERVER_NAME' => 'localhost'
    'SERVER_ADDR' => '::1'
    'SERVER_PORT' => '80'
    'REMOTE_ADDR' => '::1'
    'DOCUMENT_ROOT' => '/Library/WebServer/Documents'
    'REQUEST_SCHEME' => 'http'
    'CONTEXT_PREFIX' => '/~lincoln'
    'CONTEXT_DOCUMENT_ROOT' => '/Users/lincoln/Sites'
    'SERVER_ADMIN' => 'you@example.com'
    'SCRIPT_FILENAME' => '/Users/lincoln/Sites/advanced/api/web/index.php'
    'REMOTE_PORT' => '61341'
    'REDIRECT_URL' => '/~lincoln/advanced/api/web/v1/users/login'
    'REDIRECT_QUERY_STRING' => 'username=lincoln&password=123456'
    'GATEWAY_INTERFACE' => 'CGI/1.1'
    'SERVER_PROTOCOL' => 'HTTP/1.1'
    'REQUEST_METHOD' => 'GET'
    'QUERY_STRING' => 'username=lincoln&password=123456'
    'REQUEST_URI' => '/~lincoln/advanced/api/web/v1/users/login?username=lincoln&password=123456'
    'SCRIPT_NAME' => '/~lincoln/advanced/api/web/index.php'
    'PHP_SELF' => '/~lincoln/advanced/api/web/index.php'
    'REQUEST_TIME_FLOAT' => 1504193024.704
    'REQUEST_TIME' => 1504193024
]
2017-08-31 23:25:05 [::1][-][-][error][yii\base\ErrorException:2] exception 'yii\base\ErrorException' with message 'Invalid argument supplied for foreach()' in /Users/lincoln/Sites/advanced/vendor/yiisoft/yii2/base/Component.php:650
Stack trace:
#0 /Users/lincoln/Sites/advanced/vendor/yiisoft/yii2/base/Component.php(650): yii\base\ErrorHandler->handleError(2, 'Invalid argumen...', '/Users/lincoln/...', 650, Array)
#1 /Users/lincoln/Sites/advanced/vendor/yiisoft/yii2/base/Component.php(533): yii\base\Component->ensureBehaviors()
#2 /Users/lincoln/Sites/advanced/vendor/yiisoft/yii2/base/Module.php(676): yii\base\Component->trigger('beforeAction', Object(yii\base\ActionEvent))
#3 /Users/lincoln/Sites/advanced/vendor/yiisoft/yii2/base/Controller.php(144): yii\base\Module->beforeAction(Object(yii\base\InlineAction))
#4 /Users/lincoln/Sites/advanced/vendor/yiisoft/yii2/base/Module.php(523): yii\base\Controller->runAction('login', Array)
#5 /Users/lincoln/Sites/advanced/vendor/yiisoft/yii2/web/Application.php(102): yii\base\Module->runAction('v1/user/login', Array)
#6 /Users/lincoln/Sites/advanced/vendor/yiisoft/yii2/base/Application.php(380): yii\web\Application->handleRequest(Object(yii\web\Request))
#7 /Users/lincoln/Sites/advanced/api/web/index.php(17): yii\base\Application->run()
#8 {main}
2017-08-31 23:25:05 [::1][-][-][info][application] $_GET = [
    'username' => 'lincoln'
    'password' => '123456'
]

$_SERVER = [
    'REDIRECT_STATUS' => '200'
    'HTTP_CACHE_CONTROL' => 'no-cache'
    'HTTP_POSTMAN_TOKEN' => '5d240e18-6a0f-407e-87a0-3a0ec0dc9dcb'
    'HTTP_USER_AGENT' => 'PostmanRuntime/6.2.5'
    'HTTP_ACCEPT' => '*/*'
    'HTTP_HOST' => 'localhost'
    'HTTP_ACCEPT_ENCODING' => 'gzip, deflate'
    'HTTP_CONNECTION' => 'keep-alive'
    'PATH' => '/usr/bin:/bin:/usr/sbin:/sbin'
    'SERVER_SIGNATURE' => ''
    'SERVER_SOFTWARE' => 'Apache/2.4.25 (Unix) PHP/5.6.30'
    'SERVER_NAME' => 'localhost'
    'SERVER_ADDR' => '::1'
    'SERVER_PORT' => '80'
    'REMOTE_ADDR' => '::1'
    'DOCUMENT_ROOT' => '/Library/WebServer/Documents'
    'REQUEST_SCHEME' => 'http'
    'CONTEXT_PREFIX' => '/~lincoln'
    'CONTEXT_DOCUMENT_ROOT' => '/Users/lincoln/Sites'
    'SERVER_ADMIN' => 'you@example.com'
    'SCRIPT_FILENAME' => '/Users/lincoln/Sites/advanced/api/web/index.php'
    'REMOTE_PORT' => '61350'
    'REDIRECT_URL' => '/~lincoln/advanced/api/web/v1/users/login'
    'REDIRECT_QUERY_STRING' => 'username=lincoln&password=123456'
    'GATEWAY_INTERFACE' => 'CGI/1.1'
    'SERVER_PROTOCOL' => 'HTTP/1.1'
    'REQUEST_METHOD' => 'GET'
    'QUERY_STRING' => 'username=lincoln&password=123456'
    'REQUEST_URI' => '/~lincoln/advanced/api/web/v1/users/login?username=lincoln&password=123456'
    'SCRIPT_NAME' => '/~lincoln/advanced/api/web/index.php'
    'PHP_SELF' => '/~lincoln/advanced/api/web/index.php'
    'REQUEST_TIME_FLOAT' => 1504193105.717
    'REQUEST_TIME' => 1504193105
]
2017-08-31 23:25:31 [::1][-][-][error][yii\base\ErrorException:2] exception 'yii\base\ErrorException' with message 'Invalid argument supplied for foreach()' in /Users/lincoln/Sites/advanced/vendor/yiisoft/yii2/base/Component.php:650
Stack trace:
#0 /Users/lincoln/Sites/advanced/vendor/yiisoft/yii2/base/Component.php(650): yii\base\ErrorHandler->handleError(2, 'Invalid argumen...', '/Users/lincoln/...', 650, Array)
#1 /Users/lincoln/Sites/advanced/vendor/yiisoft/yii2/base/Component.php(533): yii\base\Component->ensureBehaviors()
#2 /Users/lincoln/Sites/advanced/vendor/yiisoft/yii2/base/Module.php(676): yii\base\Component->trigger('beforeAction', Object(yii\base\ActionEvent))
#3 /Users/lincoln/Sites/advanced/vendor/yiisoft/yii2/base/Controller.php(144): yii\base\Module->beforeAction(Object(yii\base\InlineAction))
#4 /Users/lincoln/Sites/advanced/vendor/yiisoft/yii2/base/Module.php(523): yii\base\Controller->runAction('login', Array)
#5 /Users/lincoln/Sites/advanced/vendor/yiisoft/yii2/web/Application.php(102): yii\base\Module->runAction('v1/user/login', Array)
#6 /Users/lincoln/Sites/advanced/vendor/yiisoft/yii2/base/Application.php(380): yii\web\Application->handleRequest(Object(yii\web\Request))
#7 /Users/lincoln/Sites/advanced/api/web/index.php(17): yii\base\Application->run()
#8 {main}
2017-08-31 23:25:31 [::1][-][-][info][application] $_GET = [
    'username' => 'lincoln'
    'password' => '123456'
]

$_SERVER = [
    'REDIRECT_STATUS' => '200'
    'HTTP_CACHE_CONTROL' => 'no-cache'
    'HTTP_POSTMAN_TOKEN' => 'cbbbcb13-cbfa-4849-b28e-5f6c5a4ee423'
    'HTTP_USER_AGENT' => 'PostmanRuntime/6.2.5'
    'HTTP_ACCEPT' => '*/*'
    'HTTP_HOST' => 'localhost'
    'HTTP_ACCEPT_ENCODING' => 'gzip, deflate'
    'HTTP_CONNECTION' => 'keep-alive'
    'PATH' => '/usr/bin:/bin:/usr/sbin:/sbin'
    'SERVER_SIGNATURE' => ''
    'SERVER_SOFTWARE' => 'Apache/2.4.25 (Unix) PHP/5.6.30'
    'SERVER_NAME' => 'localhost'
    'SERVER_ADDR' => '::1'
    'SERVER_PORT' => '80'
    'REMOTE_ADDR' => '::1'
    'DOCUMENT_ROOT' => '/Library/WebServer/Documents'
    'REQUEST_SCHEME' => 'http'
    'CONTEXT_PREFIX' => '/~lincoln'
    'CONTEXT_DOCUMENT_ROOT' => '/Users/lincoln/Sites'
    'SERVER_ADMIN' => 'you@example.com'
    'SCRIPT_FILENAME' => '/Users/lincoln/Sites/advanced/api/web/index.php'
    'REMOTE_PORT' => '61353'
    'REDIRECT_URL' => '/~lincoln/advanced/api/web/v1/users/login'
    'REDIRECT_QUERY_STRING' => 'username=lincoln&password=123456'
    'GATEWAY_INTERFACE' => 'CGI/1.1'
    'SERVER_PROTOCOL' => 'HTTP/1.1'
    'REQUEST_METHOD' => 'GET'
    'QUERY_STRING' => 'username=lincoln&password=123456'
    'REQUEST_URI' => '/~lincoln/advanced/api/web/v1/users/login?username=lincoln&password=123456'
    'SCRIPT_NAME' => '/~lincoln/advanced/api/web/index.php'
    'PHP_SELF' => '/~lincoln/advanced/api/web/index.php'
    'REQUEST_TIME_FLOAT' => 1504193131.092
    'REQUEST_TIME' => 1504193131
]
2017-08-31 23:26:38 [::1][-][-][error][yii\base\ErrorException:2] exception 'yii\base\ErrorException' with message 'Invalid argument supplied for foreach()' in /Users/lincoln/Sites/advanced/vendor/yiisoft/yii2/base/Component.php:650
Stack trace:
#0 /Users/lincoln/Sites/advanced/vendor/yiisoft/yii2/base/Component.php(650): yii\base\ErrorHandler->handleError(2, 'Invalid argumen...', '/Users/lincoln/...', 650, Array)
#1 /Users/lincoln/Sites/advanced/vendor/yiisoft/yii2/base/Component.php(533): yii\base\Component->ensureBehaviors()
#2 /Users/lincoln/Sites/advanced/vendor/yiisoft/yii2/base/Module.php(676): yii\base\Component->trigger('beforeAction', Object(yii\base\ActionEvent))
#3 /Users/lincoln/Sites/advanced/vendor/yiisoft/yii2/base/Controller.php(144): yii\base\Module->beforeAction(Object(yii\base\InlineAction))
#4 /Users/lincoln/Sites/advanced/vendor/yiisoft/yii2/base/Module.php(523): yii\base\Controller->runAction('login', Array)
#5 /Users/lincoln/Sites/advanced/vendor/yiisoft/yii2/web/Application.php(102): yii\base\Module->runAction('v1/user/login', Array)
#6 /Users/lincoln/Sites/advanced/vendor/yiisoft/yii2/base/Application.php(380): yii\web\Application->handleRequest(Object(yii\web\Request))
#7 /Users/lincoln/Sites/advanced/api/web/index.php(17): yii\base\Application->run()
#8 {main}
2017-08-31 23:26:37 [::1][-][-][info][application] $_GET = [
    'username' => 'lincoln'
    'password' => '123456'
]

$_SERVER = [
    'REDIRECT_STATUS' => '200'
    'HTTP_CACHE_CONTROL' => 'no-cache'
    'HTTP_POSTMAN_TOKEN' => 'f5f1cb6e-04bb-43e6-9fb0-88c5067aec9a'
    'HTTP_USER_AGENT' => 'PostmanRuntime/6.2.5'
    'HTTP_ACCEPT' => '*/*'
    'HTTP_HOST' => 'localhost'
    'HTTP_ACCEPT_ENCODING' => 'gzip, deflate'
    'HTTP_CONNECTION' => 'keep-alive'
    'PATH' => '/usr/bin:/bin:/usr/sbin:/sbin'
    'SERVER_SIGNATURE' => ''
    'SERVER_SOFTWARE' => 'Apache/2.4.25 (Unix) PHP/5.6.30'
    'SERVER_NAME' => 'localhost'
    'SERVER_ADDR' => '::1'
    'SERVER_PORT' => '80'
    'REMOTE_ADDR' => '::1'
    'DOCUMENT_ROOT' => '/Library/WebServer/Documents'
    'REQUEST_SCHEME' => 'http'
    'CONTEXT_PREFIX' => '/~lincoln'
    'CONTEXT_DOCUMENT_ROOT' => '/Users/lincoln/Sites'
    'SERVER_ADMIN' => 'you@example.com'
    'SCRIPT_FILENAME' => '/Users/lincoln/Sites/advanced/api/web/index.php'
    'REMOTE_PORT' => '61355'
    'REDIRECT_URL' => '/~lincoln/advanced/api/web/v1/users/login'
    'REDIRECT_QUERY_STRING' => 'username=lincoln&password=123456'
    'GATEWAY_INTERFACE' => 'CGI/1.1'
    'SERVER_PROTOCOL' => 'HTTP/1.1'
    'REQUEST_METHOD' => 'GET'
    'QUERY_STRING' => 'username=lincoln&password=123456'
    'REQUEST_URI' => '/~lincoln/advanced/api/web/v1/users/login?username=lincoln&password=123456'
    'SCRIPT_NAME' => '/~lincoln/advanced/api/web/index.php'
    'PHP_SELF' => '/~lincoln/advanced/api/web/index.php'
    'REQUEST_TIME_FLOAT' => 1504193197.883
    'REQUEST_TIME' => 1504193197
]
2017-08-31 23:28:22 [::1][-][-][error][yii\base\ErrorException:2] exception 'yii\base\ErrorException' with message 'Invalid argument supplied for foreach()' in /Users/lincoln/Sites/advanced/vendor/yiisoft/yii2/base/Component.php:650
Stack trace:
#0 /Users/lincoln/Sites/advanced/vendor/yiisoft/yii2/base/Component.php(650): yii\base\ErrorHandler->handleError(2, 'Invalid argumen...', '/Users/lincoln/...', 650, Array)
#1 /Users/lincoln/Sites/advanced/vendor/yiisoft/yii2/base/Component.php(533): yii\base\Component->ensureBehaviors()
#2 /Users/lincoln/Sites/advanced/vendor/yiisoft/yii2/base/Module.php(676): yii\base\Component->trigger('beforeAction', Object(yii\base\ActionEvent))
#3 /Users/lincoln/Sites/advanced/vendor/yiisoft/yii2/base/Controller.php(144): yii\base\Module->beforeAction(Object(yii\base\InlineAction))
#4 /Users/lincoln/Sites/advanced/vendor/yiisoft/yii2/base/Module.php(523): yii\base\Controller->runAction('login', Array)
#5 /Users/lincoln/Sites/advanced/vendor/yiisoft/yii2/web/Application.php(102): yii\base\Module->runAction('v1/user/login', Array)
#6 /Users/lincoln/Sites/advanced/vendor/yiisoft/yii2/base/Application.php(380): yii\web\Application->handleRequest(Object(yii\web\Request))
#7 /Users/lincoln/Sites/advanced/api/web/index.php(17): yii\base\Application->run()
#8 {main}
2017-08-31 23:28:22 [::1][-][-][info][application] $_GET = [
    'username' => 'lincoln'
    'password' => '123456'
]

$_SERVER = [
    'REDIRECT_STATUS' => '200'
    'HTTP_CACHE_CONTROL' => 'no-cache'
    'HTTP_POSTMAN_TOKEN' => '29e1af75-5602-4a4a-9dcd-d3cf532cd981'
    'HTTP_USER_AGENT' => 'PostmanRuntime/6.2.5'
    'HTTP_ACCEPT' => '*/*'
    'HTTP_HOST' => 'localhost'
    'HTTP_ACCEPT_ENCODING' => 'gzip, deflate'
    'HTTP_CONNECTION' => 'keep-alive'
    'PATH' => '/usr/bin:/bin:/usr/sbin:/sbin'
    'SERVER_SIGNATURE' => ''
    'SERVER_SOFTWARE' => 'Apache/2.4.25 (Unix) PHP/5.6.30'
    'SERVER_NAME' => 'localhost'
    'SERVER_ADDR' => '::1'
    'SERVER_PORT' => '80'
    'REMOTE_ADDR' => '::1'
    'DOCUMENT_ROOT' => '/Library/WebServer/Documents'
    'REQUEST_SCHEME' => 'http'
    'CONTEXT_PREFIX' => '/~lincoln'
    'CONTEXT_DOCUMENT_ROOT' => '/Users/lincoln/Sites'
    'SERVER_ADMIN' => 'you@example.com'
    'SCRIPT_FILENAME' => '/Users/lincoln/Sites/advanced/api/web/index.php'
    'REMOTE_PORT' => '61369'
    'REDIRECT_URL' => '/~lincoln/advanced/api/web/v1/users/login'
    'REDIRECT_QUERY_STRING' => 'username=lincoln&password=123456'
    'GATEWAY_INTERFACE' => 'CGI/1.1'
    'SERVER_PROTOCOL' => 'HTTP/1.1'
    'REQUEST_METHOD' => 'GET'
    'QUERY_STRING' => 'username=lincoln&password=123456'
    'REQUEST_URI' => '/~lincoln/advanced/api/web/v1/users/login?username=lincoln&password=123456'
    'SCRIPT_NAME' => '/~lincoln/advanced/api/web/index.php'
    'PHP_SELF' => '/~lincoln/advanced/api/web/index.php'
    'REQUEST_TIME_FLOAT' => 1504193302.081
    'REQUEST_TIME' => 1504193302
]
2017-08-31 23:28:55 [::1][-][-][error][yii\base\ErrorException:2] exception 'yii\base\ErrorException' with message 'Invalid argument supplied for foreach()' in /Users/lincoln/Sites/advanced/vendor/yiisoft/yii2/base/Component.php:650
Stack trace:
#0 /Users/lincoln/Sites/advanced/vendor/yiisoft/yii2/base/Component.php(650): yii\base\ErrorHandler->handleError(2, 'Invalid argumen...', '/Users/lincoln/...', 650, Array)
#1 /Users/lincoln/Sites/advanced/vendor/yiisoft/yii2/base/Component.php(533): yii\base\Component->ensureBehaviors()
#2 /Users/lincoln/Sites/advanced/vendor/yiisoft/yii2/base/Module.php(676): yii\base\Component->trigger('beforeAction', Object(yii\base\ActionEvent))
#3 /Users/lincoln/Sites/advanced/vendor/yiisoft/yii2/base/Controller.php(144): yii\base\Module->beforeAction(Object(yii\base\InlineAction))
#4 /Users/lincoln/Sites/advanced/vendor/yiisoft/yii2/base/Module.php(523): yii\base\Controller->runAction('login', Array)
#5 /Users/lincoln/Sites/advanced/vendor/yiisoft/yii2/web/Application.php(102): yii\base\Module->runAction('v1/user/login', Array)
#6 /Users/lincoln/Sites/advanced/vendor/yiisoft/yii2/base/Application.php(380): yii\web\Application->handleRequest(Object(yii\web\Request))
#7 /Users/lincoln/Sites/advanced/api/web/index.php(17): yii\base\Application->run()
#8 {main}
2017-08-31 23:28:55 [::1][-][-][info][application] $_GET = [
    'username' => 'lincoln'
    'password' => '123456'
]

$_SERVER = [
    'REDIRECT_STATUS' => '200'
    'HTTP_CACHE_CONTROL' => 'no-cache'
    'HTTP_POSTMAN_TOKEN' => '0abc9868-fae2-4666-98fa-d6a96243d0fc'
    'HTTP_USER_AGENT' => 'PostmanRuntime/6.2.5'
    'HTTP_ACCEPT' => '*/*'
    'HTTP_HOST' => 'localhost'
    'HTTP_ACCEPT_ENCODING' => 'gzip, deflate'
    'HTTP_CONNECTION' => 'keep-alive'
    'PATH' => '/usr/bin:/bin:/usr/sbin:/sbin'
    'SERVER_SIGNATURE' => ''
    'SERVER_SOFTWARE' => 'Apache/2.4.25 (Unix) PHP/5.6.30'
    'SERVER_NAME' => 'localhost'
    'SERVER_ADDR' => '::1'
    'SERVER_PORT' => '80'
    'REMOTE_ADDR' => '::1'
    'DOCUMENT_ROOT' => '/Library/WebServer/Documents'
    'REQUEST_SCHEME' => 'http'
    'CONTEXT_PREFIX' => '/~lincoln'
    'CONTEXT_DOCUMENT_ROOT' => '/Users/lincoln/Sites'
    'SERVER_ADMIN' => 'you@example.com'
    'SCRIPT_FILENAME' => '/Users/lincoln/Sites/advanced/api/web/index.php'
    'REMOTE_PORT' => '61378'
    'REDIRECT_URL' => '/~lincoln/advanced/api/web/v1/users/login'
    'REDIRECT_QUERY_STRING' => 'username=lincoln&password=123456'
    'GATEWAY_INTERFACE' => 'CGI/1.1'
    'SERVER_PROTOCOL' => 'HTTP/1.1'
    'REQUEST_METHOD' => 'GET'
    'QUERY_STRING' => 'username=lincoln&password=123456'
    'REQUEST_URI' => '/~lincoln/advanced/api/web/v1/users/login?username=lincoln&password=123456'
    'SCRIPT_NAME' => '/~lincoln/advanced/api/web/index.php'
    'PHP_SELF' => '/~lincoln/advanced/api/web/index.php'
    'REQUEST_TIME_FLOAT' => 1504193335.693
    'REQUEST_TIME' => 1504193335
]
